2024-03-08 12:21:41,765 [Worker-6: Loading available Gradle versions] INFO  o.e.b.c.i.u.g.PublishedGradleVersions - Gradle version information cache is up-to-date. Trying to read.
2024-03-08 12:23:31,767 [Worker-5: Loading available Gradle versions] INFO  o.e.b.c.i.u.g.PublishedGradleVersions - Gradle version information cache is up-to-date. Trying to read.
2024-03-08 12:33:21,802 [Worker-7: Loading available Gradle versions] INFO  o.e.b.c.i.u.g.PublishedGradleVersions - Gradle version information cache is up-to-date. Trying to read.
2024-03-11 09:06:59,038 [Worker-2: Loading available Gradle versions] INFO  o.e.b.c.i.u.g.PublishedGradleVersions - Gradle version information cache is out-of-date. Trying to update.
2024-03-11 09:18:10,130 [Worker-8: Creating project "_sp0311"] INFO  o.e.m.c.i.l.LifecycleMappingFactory - Using org.eclipse.m2e.jdt.JarLifecycleMapping lifecycle mapping for MavenProject: _sp0311:_sp0311:0.0.1-SNAPSHOT @ D:\_dev\java3\_sp0311\pom.xml.
2024-03-11 09:18:11,087 [Worker-8: Creating project "_sp0311"] INFO  o.e.m.j.i.AbstractJavaProjectConfigurator - Adding source folder /_sp0311/src/main/java
2024-03-11 09:18:11,088 [Worker-8: Creating project "_sp0311"] INFO  o.e.m.j.i.AbstractJavaProjectConfigurator - Adding resource folder /_sp0311/src/main/resources
2024-03-11 09:18:11,089 [Worker-8: Creating project "_sp0311"] INFO  o.e.m.j.i.AbstractJavaProjectConfigurator - Adding source folder /_sp0311/src/test/java
2024-03-11 09:18:11,089 [Worker-8: Creating project "_sp0311"] INFO  o.e.m.j.i.AbstractJavaProjectConfigurator - Adding resource folder /_sp0311/src/test/resources
2024-03-11 09:18:11,438 [Worker-11: Building] WARN  o.a.m.s.f.DefaultMavenResourcesFiltering - Using platform encoding (MS949 actually) to copy filtered resources, i.e. build is platform dependent!
2024-03-11 09:18:11,442 [Worker-11: Building] INFO  o.a.m.s.f.DefaultMavenResourcesFiltering - Copying 0 resource from src\main\resources to target\classes
2024-03-11 09:18:11,446 [Worker-11: Building] WARN  o.a.m.s.f.DefaultMavenResourcesFiltering - Using platform encoding (MS949 actually) to copy filtered resources, i.e. build is platform dependent!
2024-03-11 09:18:11,446 [Worker-11: Building] INFO  o.a.m.s.f.DefaultMavenResourcesFiltering - Copying 0 resource from src\test\resources to target\test-classes
2024-03-11 09:19:41,891 [Worker-32: Importing Maven projects] INFO  o.e.m.c.i.l.LifecycleMappingFactory - Using org.eclipse.m2e.jdt.JarLifecycleMapping lifecycle mapping for MavenProject: sp5:_sp0308chap04:0.0.1-SNAPSHOT @ D:\_dev\java3\Jiwoong-Jung 202403Spring5 master _sp0308chap04\pom.xml.
2024-03-11 09:19:42,381 [Worker-32: Importing Maven projects] INFO  o.e.m.j.i.AbstractJavaProjectConfigurator - Adding source folder /Jiwoong-Jung 202403Spring5 master _sp0308chap04/src/main/java
2024-03-11 09:19:42,382 [Worker-32: Importing Maven projects] INFO  o.e.m.j.i.AbstractJavaProjectConfigurator - Adding resource folder /Jiwoong-Jung 202403Spring5 master _sp0308chap04/src/main/resources
2024-03-11 09:19:42,382 [Worker-32: Importing Maven projects] INFO  o.e.m.j.i.AbstractJavaProjectConfigurator - Adding source folder /Jiwoong-Jung 202403Spring5 master _sp0308chap04/src/test/java
2024-03-11 09:19:42,382 [Worker-32: Importing Maven projects] INFO  o.e.m.j.i.AbstractJavaProjectConfigurator - Adding resource folder /Jiwoong-Jung 202403Spring5 master _sp0308chap04/src/test/resources
2024-03-11 09:19:42,407 [Worker-32: Importing Maven projects] INFO  o.e.m.c.i.p.ProjectConfigurationManager - Imported and configured 1 project(s) in 3 sec
2024-03-11 09:19:43,179 [Worker-33: Building] WARN  o.a.m.s.f.DefaultMavenResourcesFiltering - Using platform encoding (MS949 actually) to copy filtered resources, i.e. build is platform dependent!
2024-03-11 09:19:43,179 [Worker-33: Building] INFO  o.a.m.s.f.DefaultMavenResourcesFiltering - skip non existing resourceDirectory D:\_dev\java3\Jiwoong-Jung 202403Spring5 master _sp0308chap04\src\main\resources
2024-03-11 09:19:43,183 [Worker-33: Building] WARN  o.a.m.s.f.DefaultMavenResourcesFiltering - Using platform encoding (MS949 actually) to copy filtered resources, i.e. build is platform dependent!
2024-03-11 09:19:43,184 [Worker-33: Building] INFO  o.a.m.s.f.DefaultMavenResourcesFiltering - skip non existing resourceDirectory D:\_dev\java3\Jiwoong-Jung 202403Spring5 master _sp0308chap04\src\test\resources
2024-03-11 09:20:09,248 [Worker-8: Building] INFO  o.e.m.c.i.l.LifecycleMappingFactory - Using org.eclipse.m2e.jdt.JarLifecycleMapping lifecycle mapping for MavenProject: sp5:_sp0308chap04:0.0.1-SNAPSHOT @ D:\_dev\java3\_sp0311\pom.xml.
2024-03-11 09:20:09,300 [Worker-8: Building] WARN  o.a.m.s.f.DefaultMavenResourcesFiltering - Using platform encoding (MS949 actually) to copy filtered resources, i.e. build is platform dependent!
2024-03-11 09:20:09,301 [Worker-8: Building] INFO  o.a.m.s.f.DefaultMavenResourcesFiltering - Copying 0 resource from src\main\resources to target\classes
2024-03-11 09:20:09,303 [Worker-8: Building] WARN  o.a.m.s.f.DefaultMavenResourcesFiltering - Using platform encoding (MS949 actually) to copy filtered resources, i.e. build is platform dependent!
2024-03-11 09:20:09,304 [Worker-8: Building] INFO  o.a.m.s.f.DefaultMavenResourcesFiltering - Copying 0 resource from src\test\resources to target\test-classes
2024-03-11 09:20:09,396 [Worker-8: Updating Maven Project] INFO  o.e.m.c.i.p.ProjectConfigurationManager - Update started
2024-03-11 09:20:09,439 [Worker-8: Updating Maven Project] INFO  o.e.m.c.i.l.LifecycleMappingFactory - Using org.eclipse.m2e.jdt.JarLifecycleMapping lifecycle mapping for MavenProject: sp5:_sp0308chap04:0.0.1-SNAPSHOT @ D:\_dev\java3\_sp0311\pom.xml.
2024-03-11 09:20:09,486 [Worker-8: Updating Maven Project] INFO  o.e.m.j.i.AbstractJavaProjectConfigurator - Adding source folder /_sp0311/src/main/java
2024-03-11 09:20:09,486 [Worker-8: Updating Maven Project] INFO  o.e.m.j.i.AbstractJavaProjectConfigurator - Adding resource folder /_sp0311/src/main/resources
2024-03-11 09:20:09,498 [Worker-8: Updating Maven Project] INFO  o.e.m.j.i.AbstractJavaProjectConfigurator - Adding source folder /_sp0311/src/test/java
2024-03-11 09:20:09,498 [Worker-8: Updating Maven Project] INFO  o.e.m.j.i.AbstractJavaProjectConfigurator - Adding resource folder /_sp0311/src/test/resources
2024-03-11 09:20:09,610 [Worker-8: Updating Maven Project] INFO  o.e.m.c.i.p.ProjectConfigurationManager - Update completed for 1 poms: local refresh takes 0.00 sec, refresh facades takes 0.00 sec, update config takes 0.00 sec 
2024-03-11 09:20:10,401 [Worker-31: Building] WARN  o.a.m.s.f.DefaultMavenResourcesFiltering - Using platform encoding (MS949 actually) to copy filtered resources, i.e. build is platform dependent!
2024-03-11 09:20:10,402 [Worker-31: Building] INFO  o.a.m.s.f.DefaultMavenResourcesFiltering - Copying 0 resource from src\main\resources to target\classes
2024-03-11 09:20:10,403 [Worker-31: Building] WARN  o.a.m.s.f.DefaultMavenResourcesFiltering - Using platform encoding (MS949 actually) to copy filtered resources, i.e. build is platform dependent!
2024-03-11 09:20:10,404 [Worker-31: Building] INFO  o.a.m.s.f.DefaultMavenResourcesFiltering - Copying 0 resource from src\test\resources to target\test-classes
2024-03-11 09:20:13,407 [Worker-30: Building] INFO  o.e.m.c.i.l.LifecycleMappingFactory - Using org.eclipse.m2e.jdt.JarLifecycleMapping lifecycle mapping for MavenProject: sp5:_sp0311:0.0.1-SNAPSHOT @ D:\_dev\java3\_sp0311\pom.xml.
2024-03-11 09:20:13,431 [Worker-30: Building] WARN  o.a.m.s.f.DefaultMavenResourcesFiltering - Using platform encoding (MS949 actually) to copy filtered resources, i.e. build is platform dependent!
2024-03-11 09:20:13,432 [Worker-30: Building] INFO  o.a.m.s.f.DefaultMavenResourcesFiltering - Copying 0 resource from src\main\resources to target\classes
2024-03-11 09:20:13,434 [Worker-30: Building] WARN  o.a.m.s.f.DefaultMavenResourcesFiltering - Using platform encoding (MS949 actually) to copy filtered resources, i.e. build is platform dependent!
2024-03-11 09:20:13,435 [Worker-30: Building] INFO  o.a.m.s.f.DefaultMavenResourcesFiltering - Copying 0 resource from src\test\resources to target\test-classes
2024-03-11 09:20:43,307 [Worker-34: Updating Maven Project] INFO  o.e.m.c.i.p.ProjectConfigurationManager - Update started
2024-03-11 09:20:43,340 [Worker-34: Updating Maven Project] INFO  o.e.m.c.i.l.LifecycleMappingFactory - Using org.eclipse.m2e.jdt.JarLifecycleMapping lifecycle mapping for MavenProject: sp5:_sp0311:0.0.1-SNAPSHOT @ D:\_dev\java3\_sp0311\pom.xml.
2024-03-11 09:20:43,385 [Worker-34: Updating Maven Project] INFO  o.e.m.j.i.AbstractJavaProjectConfigurator - Adding source folder /_sp0311/src/main/java
2024-03-11 09:20:43,385 [Worker-34: Updating Maven Project] INFO  o.e.m.j.i.AbstractJavaProjectConfigurator - Adding resource folder /_sp0311/src/main/resources
2024-03-11 09:20:43,385 [Worker-34: Updating Maven Project] INFO  o.e.m.j.i.AbstractJavaProjectConfigurator - Adding source folder /_sp0311/src/test/java
2024-03-11 09:20:43,385 [Worker-34: Updating Maven Project] INFO  o.e.m.j.i.AbstractJavaProjectConfigurator - Adding resource folder /_sp0311/src/test/resources
2024-03-11 09:20:43,423 [Worker-34: Updating Maven Project] INFO  o.e.m.c.i.p.ProjectConfigurationManager - Update completed for 1 poms: local refresh takes 0.00 sec, refresh facades takes 0.00 sec, update config takes 0.00 sec 
2024-03-11 09:20:43,560 [Worker-34: Building] WARN  o.a.m.s.f.DefaultMavenResourcesFiltering - Using platform encoding (MS949 actually) to copy filtered resources, i.e. build is platform dependent!
2024-03-11 09:20:43,560 [Worker-34: Building] INFO  o.a.m.s.f.DefaultMavenResourcesFiltering - Copying 0 resource from src\main\resources to target\classes
2024-03-11 09:20:43,562 [Worker-34: Building] WARN  o.a.m.s.f.DefaultMavenResourcesFiltering - Using platform encoding (MS949 actually) to copy filtered resources, i.e. build is platform dependent!
2024-03-11 09:20:43,563 [Worker-34: Building] INFO  o.a.m.s.f.DefaultMavenResourcesFiltering - Copying 0 resource from src\test\resources to target\test-classes
2024-03-11 09:21:01,806 [Worker-34: Building] INFO  o.e.m.c.i.l.LifecycleMappingFactory - Using org.eclipse.m2e.jdt.JarLifecycleMapping lifecycle mapping for MavenProject: sp5:_sp0308chap04:0.0.1-SNAPSHOT @ D:\_dev\java3\_sp0311\pom.xml.
2024-03-11 09:21:01,830 [Worker-34: Building] WARN  o.a.m.s.f.DefaultMavenResourcesFiltering - Using platform encoding (MS949 actually) to copy filtered resources, i.e. build is platform dependent!
2024-03-11 09:21:01,830 [Worker-34: Building] INFO  o.a.m.s.f.DefaultMavenResourcesFiltering - Copying 0 resource from src\main\resources to target\classes
2024-03-11 09:21:01,832 [Worker-34: Building] WARN  o.a.m.s.f.DefaultMavenResourcesFiltering - Using platform encoding (MS949 actually) to copy filtered resources, i.e. build is platform dependent!
2024-03-11 09:21:01,832 [Worker-34: Building] INFO  o.a.m.s.f.DefaultMavenResourcesFiltering - Copying 0 resource from src\test\resources to target\test-classes
2024-03-11 09:22:47,303 [Worker-31: Building] WARN  o.a.m.s.f.DefaultMavenResourcesFiltering - Using platform encoding (MS949 actually) to copy filtered resources, i.e. build is platform dependent!
2024-03-11 09:22:47,304 [Worker-31: Building] INFO  o.a.m.s.f.DefaultMavenResourcesFiltering - Copying 0 resource from src\main\resources to target\classes
2024-03-11 09:22:47,306 [Worker-31: Building] WARN  o.a.m.s.f.DefaultMavenResourcesFiltering - Using platform encoding (MS949 actually) to copy filtered resources, i.e. build is platform dependent!
2024-03-11 09:22:47,307 [Worker-31: Building] INFO  o.a.m.s.f.DefaultMavenResourcesFiltering - Copying 0 resource from src\test\resources to target\test-classes
2024-03-11 09:22:50,406 [Worker-31: Building] WARN  o.a.m.s.f.DefaultMavenResourcesFiltering - Using platform encoding (MS949 actually) to copy filtered resources, i.e. build is platform dependent!
2024-03-11 09:22:50,407 [Worker-31: Building] INFO  o.a.m.s.f.DefaultMavenResourcesFiltering - Copying 0 resource from src\main\resources to target\classes
2024-03-11 09:22:50,408 [Worker-31: Building] WARN  o.a.m.s.f.DefaultMavenResourcesFiltering - Using platform encoding (MS949 actually) to copy filtered resources, i.e. build is platform dependent!
2024-03-11 09:22:50,409 [Worker-31: Building] INFO  o.a.m.s.f.DefaultMavenResourcesFiltering - Copying 0 resource from src\test\resources to target\test-classes
2024-03-11 09:23:24,370 [Worker-8: Building] WARN  o.a.m.s.f.DefaultMavenResourcesFiltering - Using platform encoding (MS949 actually) to copy filtered resources, i.e. build is platform dependent!
2024-03-11 09:23:24,371 [Worker-8: Building] INFO  o.a.m.s.f.DefaultMavenResourcesFiltering - Copying 0 resource from src\main\resources to target\classes
2024-03-11 09:23:24,372 [Worker-8: Building] WARN  o.a.m.s.f.DefaultMavenResourcesFiltering - Using platform encoding (MS949 actually) to copy filtered resources, i.e. build is platform dependent!
2024-03-11 09:23:24,373 [Worker-8: Building] INFO  o.a.m.s.f.DefaultMavenResourcesFiltering - Copying 0 resource from src\test\resources to target\test-classes
2024-03-11 09:24:12,917 [Worker-30: Building] WARN  o.a.m.s.f.DefaultMavenResourcesFiltering - Using platform encoding (MS949 actually) to copy filtered resources, i.e. build is platform dependent!
2024-03-11 09:24:12,917 [Worker-30: Building] INFO  o.a.m.s.f.DefaultMavenResourcesFiltering - Copying 0 resource from src\main\resources to target\classes
2024-03-11 09:24:12,919 [Worker-30: Building] WARN  o.a.m.s.f.DefaultMavenResourcesFiltering - Using platform encoding (MS949 actually) to copy filtered resources, i.e. build is platform dependent!
2024-03-11 09:24:12,920 [Worker-30: Building] INFO  o.a.m.s.f.DefaultMavenResourcesFiltering - Copying 0 resource from src\test\resources to target\test-classes
2024-03-11 09:24:58,902 [Worker-34: Building] WARN  o.a.m.s.f.DefaultMavenResourcesFiltering - Using platform encoding (MS949 actually) to copy filtered resources, i.e. build is platform dependent!
2024-03-11 09:24:58,903 [Worker-34: Building] INFO  o.a.m.s.f.DefaultMavenResourcesFiltering - Copying 0 resource from src\main\resources to target\classes
2024-03-11 09:24:58,905 [Worker-34: Building] WARN  o.a.m.s.f.DefaultMavenResourcesFiltering - Using platform encoding (MS949 actually) to copy filtered resources, i.e. build is platform dependent!
2024-03-11 09:24:58,905 [Worker-34: Building] INFO  o.a.m.s.f.DefaultMavenResourcesFiltering - Copying 0 resource from src\test\resources to target\test-classes
2024-03-11 09:25:50,317 [Worker-30: Building] WARN  o.a.m.s.f.DefaultMavenResourcesFiltering - Using platform encoding (MS949 actually) to copy filtered resources, i.e. build is platform dependent!
2024-03-11 09:25:50,317 [Worker-30: Building] INFO  o.a.m.s.f.DefaultMavenResourcesFiltering - Copying 0 resource from src\main\resources to target\classes
2024-03-11 09:25:50,319 [Worker-30: Building] WARN  o.a.m.s.f.DefaultMavenResourcesFiltering - Using platform encoding (MS949 actually) to copy filtered resources, i.e. build is platform dependent!
2024-03-11 09:25:50,319 [Worker-30: Building] INFO  o.a.m.s.f.DefaultMavenResourcesFiltering - Copying 0 resource from src\test\resources to target\test-classes
2024-03-11 09:26:09,499 [Worker-34: Building] WARN  o.a.m.s.f.DefaultMavenResourcesFiltering - Using platform encoding (MS949 actually) to copy filtered resources, i.e. build is platform dependent!
2024-03-11 09:26:09,500 [Worker-34: Building] INFO  o.a.m.s.f.DefaultMavenResourcesFiltering - Copying 0 resource from src\main\resources to target\classes
2024-03-11 09:26:09,502 [Worker-34: Building] WARN  o.a.m.s.f.DefaultMavenResourcesFiltering - Using platform encoding (MS949 actually) to copy filtered resources, i.e. build is platform dependent!
2024-03-11 09:26:09,503 [Worker-34: Building] INFO  o.a.m.s.f.DefaultMavenResourcesFiltering - Copying 0 resource from src\test\resources to target\test-classes
2024-03-11 09:26:32,395 [Worker-11: Building] WARN  o.a.m.s.f.DefaultMavenResourcesFiltering - Using platform encoding (MS949 actually) to copy filtered resources, i.e. build is platform dependent!
2024-03-11 09:26:32,396 [Worker-11: Building] INFO  o.a.m.s.f.DefaultMavenResourcesFiltering - Copying 0 resource from src\main\resources to target\classes
2024-03-11 09:26:32,397 [Worker-11: Building] WARN  o.a.m.s.f.DefaultMavenResourcesFiltering - Using platform encoding (MS949 actually) to copy filtered resources, i.e. build is platform dependent!
2024-03-11 09:26:32,398 [Worker-11: Building] INFO  o.a.m.s.f.DefaultMavenResourcesFiltering - Copying 0 resource from src\test\resources to target\test-classes
2024-03-11 09:27:05,215 [Worker-8: Building] WARN  o.a.m.s.f.DefaultMavenResourcesFiltering - Using platform encoding (MS949 actually) to copy filtered resources, i.e. build is platform dependent!
2024-03-11 09:27:05,216 [Worker-8: Building] INFO  o.a.m.s.f.DefaultMavenResourcesFiltering - Copying 0 resource from src\main\resources to target\classes
2024-03-11 09:27:05,218 [Worker-8: Building] WARN  o.a.m.s.f.DefaultMavenResourcesFiltering - Using platform encoding (MS949 actually) to copy filtered resources, i.e. build is platform dependent!
2024-03-11 09:27:05,219 [Worker-8: Building] INFO  o.a.m.s.f.DefaultMavenResourcesFiltering - Copying 0 resource from src\test\resources to target\test-classes
2024-03-11 09:27:24,218 [Worker-33: Building] WARN  o.a.m.s.f.DefaultMavenResourcesFiltering - Using platform encoding (MS949 actually) to copy filtered resources, i.e. build is platform dependent!
2024-03-11 09:27:24,219 [Worker-33: Building] INFO  o.a.m.s.f.DefaultMavenResourcesFiltering - Copying 0 resource from src\main\resources to target\classes
2024-03-11 09:27:24,222 [Worker-33: Building] WARN  o.a.m.s.f.DefaultMavenResourcesFiltering - Using platform encoding (MS949 actually) to copy filtered resources, i.e. build is platform dependent!
2024-03-11 09:27:24,223 [Worker-33: Building] INFO  o.a.m.s.f.DefaultMavenResourcesFiltering - Copying 0 resource from src\test\resources to target\test-classes
2024-03-11 09:27:48,608 [Worker-31: Building] WARN  o.a.m.s.f.DefaultMavenResourcesFiltering - Using platform encoding (MS949 actually) to copy filtered resources, i.e. build is platform dependent!
2024-03-11 09:27:48,609 [Worker-31: Building] INFO  o.a.m.s.f.DefaultMavenResourcesFiltering - Copying 0 resource from src\main\resources to target\classes
2024-03-11 09:27:48,611 [Worker-31: Building] WARN  o.a.m.s.f.DefaultMavenResourcesFiltering - Using platform encoding (MS949 actually) to copy filtered resources, i.e. build is platform dependent!
2024-03-11 09:27:48,611 [Worker-31: Building] INFO  o.a.m.s.f.DefaultMavenResourcesFiltering - Copying 0 resource from src\test\resources to target\test-classes
2024-03-11 09:30:23,321 [Worker-37: Building] WARN  o.a.m.s.f.DefaultMavenResourcesFiltering - Using platform encoding (MS949 actually) to copy filtered resources, i.e. build is platform dependent!
2024-03-11 09:30:23,322 [Worker-37: Building] INFO  o.a.m.s.f.DefaultMavenResourcesFiltering - Copying 0 resource from src\main\resources to target\classes
2024-03-11 09:30:23,323 [Worker-37: Building] WARN  o.a.m.s.f.DefaultMavenResourcesFiltering - Using platform encoding (MS949 actually) to copy filtered resources, i.e. build is platform dependent!
2024-03-11 09:30:23,323 [Worker-37: Building] INFO  o.a.m.s.f.DefaultMavenResourcesFiltering - Copying 0 resource from src\test\resources to target\test-classes
2024-03-11 09:31:05,104 [Worker-11: Building] WARN  o.a.m.s.f.DefaultMavenResourcesFiltering - Using platform encoding (MS949 actually) to copy filtered resources, i.e. build is platform dependent!
2024-03-11 09:31:05,105 [Worker-11: Building] INFO  o.a.m.s.f.DefaultMavenResourcesFiltering - Copying 0 resource from src\main\resources to target\classes
2024-03-11 09:31:05,107 [Worker-11: Building] WARN  o.a.m.s.f.DefaultMavenResourcesFiltering - Using platform encoding (MS949 actually) to copy filtered resources, i.e. build is platform dependent!
2024-03-11 09:31:05,108 [Worker-11: Building] INFO  o.a.m.s.f.DefaultMavenResourcesFiltering - Copying 0 resource from src\test\resources to target\test-classes
2024-03-11 09:31:09,730 [Worker-11: Building] WARN  o.a.m.s.f.DefaultMavenResourcesFiltering - Using platform encoding (MS949 actually) to copy filtered resources, i.e. build is platform dependent!
2024-03-11 09:31:09,731 [Worker-11: Building] INFO  o.a.m.s.f.DefaultMavenResourcesFiltering - Copying 0 resource from src\main\resources to target\classes
2024-03-11 09:31:09,733 [Worker-11: Building] WARN  o.a.m.s.f.DefaultMavenResourcesFiltering - Using platform encoding (MS949 actually) to copy filtered resources, i.e. build is platform dependent!
2024-03-11 09:31:09,734 [Worker-11: Building] INFO  o.a.m.s.f.DefaultMavenResourcesFiltering - Copying 0 resource from src\test\resources to target\test-classes
2024-03-11 09:31:51,663 [Worker-36: Building] WARN  o.a.m.s.f.DefaultMavenResourcesFiltering - Using platform encoding (MS949 actually) to copy filtered resources, i.e. build is platform dependent!
2024-03-11 09:31:51,663 [Worker-36: Building] INFO  o.a.m.s.f.DefaultMavenResourcesFiltering - Copying 0 resource from src\main\resources to target\classes
2024-03-11 09:31:51,664 [Worker-36: Building] WARN  o.a.m.s.f.DefaultMavenResourcesFiltering - Using platform encoding (MS949 actually) to copy filtered resources, i.e. build is platform dependent!
2024-03-11 09:31:51,665 [Worker-36: Building] INFO  o.a.m.s.f.DefaultMavenResourcesFiltering - Copying 0 resource from src\test\resources to target\test-classes
2024-03-11 09:32:27,516 [Worker-36: Building] WARN  o.a.m.s.f.DefaultMavenResourcesFiltering - Using platform encoding (MS949 actually) to copy filtered resources, i.e. build is platform dependent!
2024-03-11 09:32:27,517 [Worker-36: Building] INFO  o.a.m.s.f.DefaultMavenResourcesFiltering - Copying 0 resource from src\main\resources to target\classes
2024-03-11 09:32:27,518 [Worker-36: Building] WARN  o.a.m.s.f.DefaultMavenResourcesFiltering - Using platform encoding (MS949 actually) to copy filtered resources, i.e. build is platform dependent!
2024-03-11 09:32:27,519 [Worker-36: Building] INFO  o.a.m.s.f.DefaultMavenResourcesFiltering - Copying 0 resource from src\test\resources to target\test-classes
2024-03-11 09:32:50,961 [Worker-11: Building] WARN  o.a.m.s.f.DefaultMavenResourcesFiltering - Using platform encoding (MS949 actually) to copy filtered resources, i.e. build is platform dependent!
2024-03-11 09:32:50,962 [Worker-11: Building] INFO  o.a.m.s.f.DefaultMavenResourcesFiltering - Copying 0 resource from src\main\resources to target\classes
2024-03-11 09:32:50,963 [Worker-11: Building] WARN  o.a.m.s.f.DefaultMavenResourcesFiltering - Using platform encoding (MS949 actually) to copy filtered resources, i.e. build is platform dependent!
2024-03-11 09:32:50,964 [Worker-11: Building] INFO  o.a.m.s.f.DefaultMavenResourcesFiltering - Copying 0 resource from src\test\resources to target\test-classes
2024-03-11 09:33:18,508 [Worker-11: Building] WARN  o.a.m.s.f.DefaultMavenResourcesFiltering - Using platform encoding (MS949 actually) to copy filtered resources, i.e. build is platform dependent!
2024-03-11 09:33:18,509 [Worker-11: Building] INFO  o.a.m.s.f.DefaultMavenResourcesFiltering - Copying 0 resource from src\main\resources to target\classes
2024-03-11 09:33:18,511 [Worker-11: Building] WARN  o.a.m.s.f.DefaultMavenResourcesFiltering - Using platform encoding (MS949 actually) to copy filtered resources, i.e. build is platform dependent!
2024-03-11 09:33:18,512 [Worker-11: Building] INFO  o.a.m.s.f.DefaultMavenResourcesFiltering - Copying 0 resource from src\test\resources to target\test-classes
2024-03-11 09:33:53,441 [Worker-11: Building] WARN  o.a.m.s.f.DefaultMavenResourcesFiltering - Using platform encoding (MS949 actually) to copy filtered resources, i.e. build is platform dependent!
2024-03-11 09:33:53,441 [Worker-11: Building] INFO  o.a.m.s.f.DefaultMavenResourcesFiltering - Copying 0 resource from src\main\resources to target\classes
2024-03-11 09:33:53,442 [Worker-11: Building] WARN  o.a.m.s.f.DefaultMavenResourcesFiltering - Using platform encoding (MS949 actually) to copy filtered resources, i.e. build is platform dependent!
2024-03-11 09:33:53,443 [Worker-11: Building] INFO  o.a.m.s.f.DefaultMavenResourcesFiltering - Copying 0 resource from src\test\resources to target\test-classes
2024-03-11 09:35:05,839 [Worker-31: Building] WARN  o.a.m.s.f.DefaultMavenResourcesFiltering - Using platform encoding (MS949 actually) to copy filtered resources, i.e. build is platform dependent!
2024-03-11 09:35:05,840 [Worker-31: Building] INFO  o.a.m.s.f.DefaultMavenResourcesFiltering - Copying 0 resource from src\main\resources to target\classes
2024-03-11 09:35:05,841 [Worker-31: Building] WARN  o.a.m.s.f.DefaultMavenResourcesFiltering - Using platform encoding (MS949 actually) to copy filtered resources, i.e. build is platform dependent!
2024-03-11 09:35:05,842 [Worker-31: Building] INFO  o.a.m.s.f.DefaultMavenResourcesFiltering - Copying 0 resource from src\test\resources to target\test-classes
2024-03-11 09:36:15,747 [Worker-38: Building] WARN  o.a.m.s.f.DefaultMavenResourcesFiltering - Using platform encoding (MS949 actually) to copy filtered resources, i.e. build is platform dependent!
2024-03-11 09:36:15,748 [Worker-38: Building] INFO  o.a.m.s.f.DefaultMavenResourcesFiltering - Copying 0 resource from src\main\resources to target\classes
2024-03-11 09:36:15,749 [Worker-38: Building] WARN  o.a.m.s.f.DefaultMavenResourcesFiltering - Using platform encoding (MS949 actually) to copy filtered resources, i.e. build is platform dependent!
2024-03-11 09:36:15,750 [Worker-38: Building] INFO  o.a.m.s.f.DefaultMavenResourcesFiltering - Copying 0 resource from src\test\resources to target\test-classes
2024-03-11 09:36:33,810 [Worker-38: Building] WARN  o.a.m.s.f.DefaultMavenResourcesFiltering - Using platform encoding (MS949 actually) to copy filtered resources, i.e. build is platform dependent!
2024-03-11 09:36:33,811 [Worker-38: Building] INFO  o.a.m.s.f.DefaultMavenResourcesFiltering - Copying 0 resource from src\main\resources to target\classes
2024-03-11 09:36:33,812 [Worker-38: Building] WARN  o.a.m.s.f.DefaultMavenResourcesFiltering - Using platform encoding (MS949 actually) to copy filtered resources, i.e. build is platform dependent!
2024-03-11 09:36:33,812 [Worker-38: Building] INFO  o.a.m.s.f.DefaultMavenResourcesFiltering - Copying 0 resource from src\test\resources to target\test-classes
2024-03-11 09:40:26,529 [Worker-39: Building] WARN  o.a.m.s.f.DefaultMavenResourcesFiltering - Using platform encoding (MS949 actually) to copy filtered resources, i.e. build is platform dependent!
2024-03-11 09:40:26,530 [Worker-39: Building] INFO  o.a.m.s.f.DefaultMavenResourcesFiltering - Copying 0 resource from src\main\resources to target\classes
2024-03-11 09:40:26,531 [Worker-39: Building] WARN  o.a.m.s.f.DefaultMavenResourcesFiltering - Using platform encoding (MS949 actually) to copy filtered resources, i.e. build is platform dependent!
2024-03-11 09:40:26,532 [Worker-39: Building] INFO  o.a.m.s.f.DefaultMavenResourcesFiltering - Copying 0 resource from src\test\resources to target\test-classes
2024-03-11 09:40:31,615 [Worker-11: Building] WARN  o.a.m.s.f.DefaultMavenResourcesFiltering - Using platform encoding (MS949 actually) to copy filtered resources, i.e. build is platform dependent!
2024-03-11 09:40:31,615 [Worker-11: Building] INFO  o.a.m.s.f.DefaultMavenResourcesFiltering - Copying 0 resource from src\main\resources to target\classes
2024-03-11 09:40:31,616 [Worker-11: Building] WARN  o.a.m.s.f.DefaultMavenResourcesFiltering - Using platform encoding (MS949 actually) to copy filtered resources, i.e. build is platform dependent!
2024-03-11 09:40:31,617 [Worker-11: Building] INFO  o.a.m.s.f.DefaultMavenResourcesFiltering - Copying 0 resource from src\test\resources to target\test-classes
2024-03-11 09:40:35,718 [Worker-38: Building] WARN  o.a.m.s.f.DefaultMavenResourcesFiltering - Using platform encoding (MS949 actually) to copy filtered resources, i.e. build is platform dependent!
2024-03-11 09:40:35,718 [Worker-38: Building] INFO  o.a.m.s.f.DefaultMavenResourcesFiltering - Copying 0 resource from src\main\resources to target\classes
2024-03-11 09:40:35,719 [Worker-38: Building] WARN  o.a.m.s.f.DefaultMavenResourcesFiltering - Using platform encoding (MS949 actually) to copy filtered resources, i.e. build is platform dependent!
2024-03-11 09:40:35,720 [Worker-38: Building] INFO  o.a.m.s.f.DefaultMavenResourcesFiltering - Copying 0 resource from src\test\resources to target\test-classes
2024-03-11 09:41:21,562 [Worker-36: Building] WARN  o.a.m.s.f.DefaultMavenResourcesFiltering - Using platform encoding (MS949 actually) to copy filtered resources, i.e. build is platform dependent!
2024-03-11 09:41:21,563 [Worker-36: Building] INFO  o.a.m.s.f.DefaultMavenResourcesFiltering - Copying 0 resource from src\main\resources to target\classes
2024-03-11 09:41:21,565 [Worker-36: Building] WARN  o.a.m.s.f.DefaultMavenResourcesFiltering - Using platform encoding (MS949 actually) to copy filtered resources, i.e. build is platform dependent!
2024-03-11 09:41:21,566 [Worker-36: Building] INFO  o.a.m.s.f.DefaultMavenResourcesFiltering - Copying 0 resource from src\test\resources to target\test-classes
2024-03-11 09:43:49,728 [Worker-40: Building] WARN  o.a.m.s.f.DefaultMavenResourcesFiltering - Using platform encoding (MS949 actually) to copy filtered resources, i.e. build is platform dependent!
2024-03-11 09:43:49,729 [Worker-40: Building] INFO  o.a.m.s.f.DefaultMavenResourcesFiltering - Copying 0 resource from src\main\resources to target\classes
2024-03-11 09:43:49,729 [Worker-40: Building] WARN  o.a.m.s.f.DefaultMavenResourcesFiltering - Using platform encoding (MS949 actually) to copy filtered resources, i.e. build is platform dependent!
2024-03-11 09:43:49,730 [Worker-40: Building] INFO  o.a.m.s.f.DefaultMavenResourcesFiltering - Copying 0 resource from src\test\resources to target\test-classes
2024-03-11 09:44:39,495 [Worker-40: Building] WARN  o.a.m.s.f.DefaultMavenResourcesFiltering - Using platform encoding (MS949 actually) to copy filtered resources, i.e. build is platform dependent!
2024-03-11 09:44:39,496 [Worker-40: Building] INFO  o.a.m.s.f.DefaultMavenResourcesFiltering - Copying 0 resource from src\main\resources to target\classes
2024-03-11 09:44:39,497 [Worker-40: Building] WARN  o.a.m.s.f.DefaultMavenResourcesFiltering - Using platform encoding (MS949 actually) to copy filtered resources, i.e. build is platform dependent!
2024-03-11 09:44:39,498 [Worker-40: Building] INFO  o.a.m.s.f.DefaultMavenResourcesFiltering - Copying 0 resource from src\test\resources to target\test-classes
2024-03-11 09:45:07,844 [Worker-42: Building] WARN  o.a.m.s.f.DefaultMavenResourcesFiltering - Using platform encoding (MS949 actually) to copy filtered resources, i.e. build is platform dependent!
2024-03-11 09:45:07,845 [Worker-42: Building] INFO  o.a.m.s.f.DefaultMavenResourcesFiltering - Copying 0 resource from src\main\resources to target\classes
2024-03-11 09:45:07,845 [Worker-42: Building] WARN  o.a.m.s.f.DefaultMavenResourcesFiltering - Using platform encoding (MS949 actually) to copy filtered resources, i.e. build is platform dependent!
2024-03-11 09:45:07,846 [Worker-42: Building] INFO  o.a.m.s.f.DefaultMavenResourcesFiltering - Copying 0 resource from src\test\resources to target\test-classes
2024-03-11 09:51:45,373 [Worker-40: Building] WARN  o.a.m.s.f.DefaultMavenResourcesFiltering - Using platform encoding (MS949 actually) to copy filtered resources, i.e. build is platform dependent!
2024-03-11 09:51:45,374 [Worker-40: Building] INFO  o.a.m.s.f.DefaultMavenResourcesFiltering - Copying 0 resource from src\main\resources to target\classes
2024-03-11 09:51:45,376 [Worker-40: Building] WARN  o.a.m.s.f.DefaultMavenResourcesFiltering - Using platform encoding (MS949 actually) to copy filtered resources, i.e. build is platform dependent!
2024-03-11 09:51:45,377 [Worker-40: Building] INFO  o.a.m.s.f.DefaultMavenResourcesFiltering - Copying 0 resource from src\test\resources to target\test-classes
2024-03-11 09:55:03,779 [Worker-48: Building] WARN  o.a.m.s.f.DefaultMavenResourcesFiltering - Using platform encoding (MS949 actually) to copy filtered resources, i.e. build is platform dependent!
2024-03-11 09:55:03,780 [Worker-48: Building] INFO  o.a.m.s.f.DefaultMavenResourcesFiltering - Copying 0 resource from src\main\resources to target\classes
2024-03-11 09:55:03,781 [Worker-48: Building] WARN  o.a.m.s.f.DefaultMavenResourcesFiltering - Using platform encoding (MS949 actually) to copy filtered resources, i.e. build is platform dependent!
2024-03-11 09:55:03,782 [Worker-48: Building] INFO  o.a.m.s.f.DefaultMavenResourcesFiltering - Copying 0 resource from src\test\resources to target\test-classes
2024-03-11 09:56:25,832 [Worker-40: Building] WARN  o.a.m.s.f.DefaultMavenResourcesFiltering - Using platform encoding (MS949 actually) to copy filtered resources, i.e. build is platform dependent!
2024-03-11 09:56:25,832 [Worker-40: Building] INFO  o.a.m.s.f.DefaultMavenResourcesFiltering - Copying 0 resource from src\main\resources to target\classes
2024-03-11 09:56:25,833 [Worker-40: Building] WARN  o.a.m.s.f.DefaultMavenResourcesFiltering - Using platform encoding (MS949 actually) to copy filtered resources, i.e. build is platform dependent!
2024-03-11 09:56:25,834 [Worker-40: Building] INFO  o.a.m.s.f.DefaultMavenResourcesFiltering - Copying 0 resource from src\test\resources to target\test-classes
2024-03-11 09:57:11,924 [Worker-41: Building] WARN  o.a.m.s.f.DefaultMavenResourcesFiltering - Using platform encoding (MS949 actually) to copy filtered resources, i.e. build is platform dependent!
2024-03-11 09:57:11,925 [Worker-41: Building] INFO  o.a.m.s.f.DefaultMavenResourcesFiltering - Copying 0 resource from src\main\resources to target\classes
2024-03-11 09:57:11,926 [Worker-41: Building] WARN  o.a.m.s.f.DefaultMavenResourcesFiltering - Using platform encoding (MS949 actually) to copy filtered resources, i.e. build is platform dependent!
2024-03-11 09:57:11,927 [Worker-41: Building] INFO  o.a.m.s.f.DefaultMavenResourcesFiltering - Copying 0 resource from src\test\resources to target\test-classes
2024-03-11 09:58:50,608 [Worker-48: Building] WARN  o.a.m.s.f.DefaultMavenResourcesFiltering - Using platform encoding (MS949 actually) to copy filtered resources, i.e. build is platform dependent!
2024-03-11 09:58:50,609 [Worker-48: Building] INFO  o.a.m.s.f.DefaultMavenResourcesFiltering - Copying 0 resource from src\main\resources to target\classes
2024-03-11 09:58:50,610 [Worker-48: Building] WARN  o.a.m.s.f.DefaultMavenResourcesFiltering - Using platform encoding (MS949 actually) to copy filtered resources, i.e. build is platform dependent!
2024-03-11 09:58:50,611 [Worker-48: Building] INFO  o.a.m.s.f.DefaultMavenResourcesFiltering - Copying 0 resource from src\test\resources to target\test-classes
2024-03-11 09:58:57,798 [Worker-40: Building] WARN  o.a.m.s.f.DefaultMavenResourcesFiltering - Using platform encoding (MS949 actually) to copy filtered resources, i.e. build is platform dependent!
2024-03-11 09:58:57,799 [Worker-40: Building] INFO  o.a.m.s.f.DefaultMavenResourcesFiltering - Copying 0 resource from src\main\resources to target\classes
2024-03-11 09:58:57,800 [Worker-40: Building] WARN  o.a.m.s.f.DefaultMavenResourcesFiltering - Using platform encoding (MS949 actually) to copy filtered resources, i.e. build is platform dependent!
2024-03-11 09:58:57,800 [Worker-40: Building] INFO  o.a.m.s.f.DefaultMavenResourcesFiltering - Copying 0 resource from src\test\resources to target\test-classes
2024-03-11 09:59:08,887 [Worker-48: Building] WARN  o.a.m.s.f.DefaultMavenResourcesFiltering - Using platform encoding (MS949 actually) to copy filtered resources, i.e. build is platform dependent!
2024-03-11 09:59:08,888 [Worker-48: Building] INFO  o.a.m.s.f.DefaultMavenResourcesFiltering - Copying 0 resource from src\main\resources to target\classes
2024-03-11 09:59:08,889 [Worker-48: Building] WARN  o.a.m.s.f.DefaultMavenResourcesFiltering - Using platform encoding (MS949 actually) to copy filtered resources, i.e. build is platform dependent!
2024-03-11 09:59:08,889 [Worker-48: Building] INFO  o.a.m.s.f.DefaultMavenResourcesFiltering - Copying 0 resource from src\test\resources to target\test-classes
2024-03-11 09:59:16,523 [Worker-48: Building] WARN  o.a.m.s.f.DefaultMavenResourcesFiltering - Using platform encoding (MS949 actually) to copy filtered resources, i.e. build is platform dependent!
2024-03-11 09:59:16,523 [Worker-48: Building] INFO  o.a.m.s.f.DefaultMavenResourcesFiltering - Copying 0 resource from src\main\resources to target\classes
2024-03-11 09:59:16,525 [Worker-48: Building] WARN  o.a.m.s.f.DefaultMavenResourcesFiltering - Using platform encoding (MS949 actually) to copy filtered resources, i.e. build is platform dependent!
2024-03-11 09:59:16,525 [Worker-48: Building] INFO  o.a.m.s.f.DefaultMavenResourcesFiltering - Copying 0 resource from src\test\resources to target\test-classes
2024-03-11 09:59:20,983 [Worker-49: Building] WARN  o.a.m.s.f.DefaultMavenResourcesFiltering - Using platform encoding (MS949 actually) to copy filtered resources, i.e. build is platform dependent!
2024-03-11 09:59:20,984 [Worker-49: Building] INFO  o.a.m.s.f.DefaultMavenResourcesFiltering - Copying 0 resource from src\main\resources to target\classes
2024-03-11 09:59:20,985 [Worker-49: Building] WARN  o.a.m.s.f.DefaultMavenResourcesFiltering - Using platform encoding (MS949 actually) to copy filtered resources, i.e. build is platform dependent!
2024-03-11 09:59:20,986 [Worker-49: Building] INFO  o.a.m.s.f.DefaultMavenResourcesFiltering - Copying 0 resource from src\test\resources to target\test-classes
2024-03-11 10:02:16,074 [Worker-49: Building] WARN  o.a.m.s.f.DefaultMavenResourcesFiltering - Using platform encoding (MS949 actually) to copy filtered resources, i.e. build is platform dependent!
2024-03-11 10:02:16,075 [Worker-49: Building] INFO  o.a.m.s.f.DefaultMavenResourcesFiltering - Copying 0 resource from src\main\resources to target\classes
2024-03-11 10:02:16,076 [Worker-49: Building] WARN  o.a.m.s.f.DefaultMavenResourcesFiltering - Using platform encoding (MS949 actually) to copy filtered resources, i.e. build is platform dependent!
2024-03-11 10:02:16,077 [Worker-49: Building] INFO  o.a.m.s.f.DefaultMavenResourcesFiltering - Copying 0 resource from src\test\resources to target\test-classes
2024-03-11 10:17:38,172 [Worker-55: Building] WARN  o.a.m.s.f.DefaultMavenResourcesFiltering - Using platform encoding (MS949 actually) to copy filtered resources, i.e. build is platform dependent!
2024-03-11 10:17:38,173 [Worker-55: Building] INFO  o.a.m.s.f.DefaultMavenResourcesFiltering - Copying 0 resource from src\main\resources to target\classes
2024-03-11 10:17:38,174 [Worker-55: Building] WARN  o.a.m.s.f.DefaultMavenResourcesFiltering - Using platform encoding (MS949 actually) to copy filtered resources, i.e. build is platform dependent!
2024-03-11 10:17:38,175 [Worker-55: Building] INFO  o.a.m.s.f.DefaultMavenResourcesFiltering - Copying 0 resource from src\test\resources to target\test-classes
2024-03-11 10:18:24,306 [Worker-55: Building] WARN  o.a.m.s.f.DefaultMavenResourcesFiltering - Using platform encoding (MS949 actually) to copy filtered resources, i.e. build is platform dependent!
2024-03-11 10:18:24,307 [Worker-55: Building] INFO  o.a.m.s.f.DefaultMavenResourcesFiltering - Copying 0 resource from src\main\resources to target\classes
2024-03-11 10:18:24,309 [Worker-55: Building] WARN  o.a.m.s.f.DefaultMavenResourcesFiltering - Using platform encoding (MS949 actually) to copy filtered resources, i.e. build is platform dependent!
2024-03-11 10:18:24,309 [Worker-55: Building] INFO  o.a.m.s.f.DefaultMavenResourcesFiltering - Copying 0 resource from src\test\resources to target\test-classes
2024-03-11 10:18:32,532 [Worker-52: Building] WARN  o.a.m.s.f.DefaultMavenResourcesFiltering - Using platform encoding (MS949 actually) to copy filtered resources, i.e. build is platform dependent!
2024-03-11 10:18:32,533 [Worker-52: Building] INFO  o.a.m.s.f.DefaultMavenResourcesFiltering - Copying 0 resource from src\main\resources to target\classes
2024-03-11 10:18:32,534 [Worker-52: Building] WARN  o.a.m.s.f.DefaultMavenResourcesFiltering - Using platform encoding (MS949 actually) to copy filtered resources, i.e. build is platform dependent!
2024-03-11 10:18:32,535 [Worker-52: Building] INFO  o.a.m.s.f.DefaultMavenResourcesFiltering - Copying 0 resource from src\test\resources to target\test-classes
2024-03-11 10:19:30,580 [Worker-52: Building] WARN  o.a.m.s.f.DefaultMavenResourcesFiltering - Using platform encoding (MS949 actually) to copy filtered resources, i.e. build is platform dependent!
2024-03-11 10:19:30,581 [Worker-52: Building] INFO  o.a.m.s.f.DefaultMavenResourcesFiltering - Copying 0 resource from src\main\resources to target\classes
2024-03-11 10:19:30,582 [Worker-52: Building] WARN  o.a.m.s.f.DefaultMavenResourcesFiltering - Using platform encoding (MS949 actually) to copy filtered resources, i.e. build is platform dependent!
2024-03-11 10:19:30,583 [Worker-52: Building] INFO  o.a.m.s.f.DefaultMavenResourcesFiltering - Copying 0 resource from src\test\resources to target\test-classes
2024-03-11 10:19:38,376 [Worker-55: Building] WARN  o.a.m.s.f.DefaultMavenResourcesFiltering - Using platform encoding (MS949 actually) to copy filtered resources, i.e. build is platform dependent!
2024-03-11 10:19:38,376 [Worker-55: Building] INFO  o.a.m.s.f.DefaultMavenResourcesFiltering - Copying 0 resource from src\main\resources to target\classes
2024-03-11 10:19:38,377 [Worker-55: Building] WARN  o.a.m.s.f.DefaultMavenResourcesFiltering - Using platform encoding (MS949 actually) to copy filtered resources, i.e. build is platform dependent!
2024-03-11 10:19:38,378 [Worker-55: Building] INFO  o.a.m.s.f.DefaultMavenResourcesFiltering - Copying 0 resource from src\test\resources to target\test-classes
2024-03-11 10:36:19,276 [Worker-55: Building] WARN  o.a.m.s.f.DefaultMavenResourcesFiltering - Using platform encoding (MS949 actually) to copy filtered resources, i.e. build is platform dependent!
2024-03-11 10:36:19,276 [Worker-55: Building] INFO  o.a.m.s.f.DefaultMavenResourcesFiltering - skip non existing resourceDirectory D:\_dev\java3\Jiwoong-Jung 202403Spring5 master _sp0308chap04\src\main\resources
2024-03-11 10:36:19,277 [Worker-55: Building] WARN  o.a.m.s.f.DefaultMavenResourcesFiltering - Using platform encoding (MS949 actually) to copy filtered resources, i.e. build is platform dependent!
2024-03-11 10:36:19,278 [Worker-55: Building] INFO  o.a.m.s.f.DefaultMavenResourcesFiltering - skip non existing resourceDirectory D:\_dev\java3\Jiwoong-Jung 202403Spring5 master _sp0308chap04\src\test\resources
2024-03-11 10:37:18,381 [Worker-66: Building] WARN  o.a.m.s.f.DefaultMavenResourcesFiltering - Using platform encoding (MS949 actually) to copy filtered resources, i.e. build is platform dependent!
2024-03-11 10:37:18,381 [Worker-66: Building] INFO  o.a.m.s.f.DefaultMavenResourcesFiltering - skip non existing resourceDirectory D:\_dev\java3\Jiwoong-Jung 202403Spring5 master _sp0308chap04\src\main\resources
2024-03-11 10:37:18,383 [Worker-66: Building] WARN  o.a.m.s.f.DefaultMavenResourcesFiltering - Using platform encoding (MS949 actually) to copy filtered resources, i.e. build is platform dependent!
2024-03-11 10:37:18,383 [Worker-66: Building] INFO  o.a.m.s.f.DefaultMavenResourcesFiltering - skip non existing resourceDirectory D:\_dev\java3\Jiwoong-Jung 202403Spring5 master _sp0308chap04\src\test\resources
2024-03-11 10:37:50,973 [Worker-66: Building] WARN  o.a.m.s.f.DefaultMavenResourcesFiltering - Using platform encoding (MS949 actually) to copy filtered resources, i.e. build is platform dependent!
2024-03-11 10:37:50,974 [Worker-66: Building] INFO  o.a.m.s.f.DefaultMavenResourcesFiltering - skip non existing resourceDirectory D:\_dev\java3\Jiwoong-Jung 202403Spring5 master _sp0308chap04\src\main\resources
2024-03-11 10:37:50,975 [Worker-66: Building] WARN  o.a.m.s.f.DefaultMavenResourcesFiltering - Using platform encoding (MS949 actually) to copy filtered resources, i.e. build is platform dependent!
2024-03-11 10:37:50,975 [Worker-66: Building] INFO  o.a.m.s.f.DefaultMavenResourcesFiltering - skip non existing resourceDirectory D:\_dev\java3\Jiwoong-Jung 202403Spring5 master _sp0308chap04\src\test\resources
2024-03-11 10:39:32,073 [Worker-65: Building] WARN  o.a.m.s.f.DefaultMavenResourcesFiltering - Using platform encoding (MS949 actually) to copy filtered resources, i.e. build is platform dependent!
2024-03-11 10:39:32,075 [Worker-65: Building] INFO  o.a.m.s.f.DefaultMavenResourcesFiltering - skip non existing resourceDirectory D:\_dev\java3\Jiwoong-Jung 202403Spring5 master _sp0308chap04\src\main\resources
2024-03-11 10:39:32,076 [Worker-65: Building] WARN  o.a.m.s.f.DefaultMavenResourcesFiltering - Using platform encoding (MS949 actually) to copy filtered resources, i.e. build is platform dependent!
2024-03-11 10:39:32,076 [Worker-65: Building] INFO  o.a.m.s.f.DefaultMavenResourcesFiltering - skip non existing resourceDirectory D:\_dev\java3\Jiwoong-Jung 202403Spring5 master _sp0308chap04\src\test\resources
2024-03-11 10:39:56,874 [Worker-67: Building] WARN  o.a.m.s.f.DefaultMavenResourcesFiltering - Using platform encoding (MS949 actually) to copy filtered resources, i.e. build is platform dependent!
2024-03-11 10:39:56,876 [Worker-67: Building] INFO  o.a.m.s.f.DefaultMavenResourcesFiltering - skip non existing resourceDirectory D:\_dev\java3\Jiwoong-Jung 202403Spring5 master _sp0308chap04\src\main\resources
2024-03-11 10:39:56,877 [Worker-67: Building] WARN  o.a.m.s.f.DefaultMavenResourcesFiltering - Using platform encoding (MS949 actually) to copy filtered resources, i.e. build is platform dependent!
2024-03-11 10:39:56,878 [Worker-67: Building] INFO  o.a.m.s.f.DefaultMavenResourcesFiltering - skip non existing resourceDirectory D:\_dev\java3\Jiwoong-Jung 202403Spring5 master _sp0308chap04\src\test\resources
2024-03-11 10:43:07,959 [Worker-64: Building] WARN  o.a.m.s.f.DefaultMavenResourcesFiltering - Using platform encoding (MS949 actually) to copy filtered resources, i.e. build is platform dependent!
2024-03-11 10:43:07,959 [Worker-64: Building] INFO  o.a.m.s.f.DefaultMavenResourcesFiltering - skip non existing resourceDirectory D:\_dev\java3\Jiwoong-Jung 202403Spring5 master _sp0308chap04\src\main\resources
2024-03-11 10:43:07,960 [Worker-64: Building] WARN  o.a.m.s.f.DefaultMavenResourcesFiltering - Using platform encoding (MS949 actually) to copy filtered resources, i.e. build is platform dependent!
2024-03-11 10:43:07,961 [Worker-64: Building] INFO  o.a.m.s.f.DefaultMavenResourcesFiltering - skip non existing resourceDirectory D:\_dev\java3\Jiwoong-Jung 202403Spring5 master _sp0308chap04\src\test\resources
2024-03-11 10:43:26,241 [Worker-68: Building] WARN  o.a.m.s.f.DefaultMavenResourcesFiltering - Using platform encoding (MS949 actually) to copy filtered resources, i.e. build is platform dependent!
2024-03-11 10:43:26,241 [Worker-68: Building] INFO  o.a.m.s.f.DefaultMavenResourcesFiltering - skip non existing resourceDirectory D:\_dev\java3\Jiwoong-Jung 202403Spring5 master _sp0308chap04\src\main\resources
2024-03-11 10:43:26,242 [Worker-68: Building] WARN  o.a.m.s.f.DefaultMavenResourcesFiltering - Using platform encoding (MS949 actually) to copy filtered resources, i.e. build is platform dependent!
2024-03-11 10:43:26,242 [Worker-68: Building] INFO  o.a.m.s.f.DefaultMavenResourcesFiltering - skip non existing resourceDirectory D:\_dev\java3\Jiwoong-Jung 202403Spring5 master _sp0308chap04\src\test\resources
2024-03-11 10:50:04,414 [Worker-74: Building] WARN  o.a.m.s.f.DefaultMavenResourcesFiltering - Using platform encoding (MS949 actually) to copy filtered resources, i.e. build is platform dependent!
2024-03-11 10:50:04,414 [Worker-74: Building] INFO  o.a.m.s.f.DefaultMavenResourcesFiltering - skip non existing resourceDirectory D:\_dev\java3\Jiwoong-Jung 202403Spring5 master _sp0308chap04\src\main\resources
2024-03-11 10:50:04,416 [Worker-74: Building] WARN  o.a.m.s.f.DefaultMavenResourcesFiltering - Using platform encoding (MS949 actually) to copy filtered resources, i.e. build is platform dependent!
2024-03-11 10:50:04,417 [Worker-74: Building] INFO  o.a.m.s.f.DefaultMavenResourcesFiltering - skip non existing resourceDirectory D:\_dev\java3\Jiwoong-Jung 202403Spring5 master _sp0308chap04\src\test\resources
2024-03-11 10:53:35,606 [Worker-75: Building] WARN  o.a.m.s.f.DefaultMavenResourcesFiltering - Using platform encoding (MS949 actually) to copy filtered resources, i.e. build is platform dependent!
2024-03-11 10:53:35,606 [Worker-75: Building] INFO  o.a.m.s.f.DefaultMavenResourcesFiltering - skip non existing resourceDirectory D:\_dev\java3\Jiwoong-Jung 202403Spring5 master _sp0308chap04\src\main\resources
2024-03-11 10:53:35,607 [Worker-75: Building] WARN  o.a.m.s.f.DefaultMavenResourcesFiltering - Using platform encoding (MS949 actually) to copy filtered resources, i.e. build is platform dependent!
2024-03-11 10:53:35,608 [Worker-75: Building] INFO  o.a.m.s.f.DefaultMavenResourcesFiltering - skip non existing resourceDirectory D:\_dev\java3\Jiwoong-Jung 202403Spring5 master _sp0308chap04\src\test\resources
2024-03-11 10:53:58,252 [Worker-77: Building] WARN  o.a.m.s.f.DefaultMavenResourcesFiltering - Using platform encoding (MS949 actually) to copy filtered resources, i.e. build is platform dependent!
2024-03-11 10:53:58,253 [Worker-77: Building] INFO  o.a.m.s.f.DefaultMavenResourcesFiltering - skip non existing resourceDirectory D:\_dev\java3\Jiwoong-Jung 202403Spring5 master _sp0308chap04\src\main\resources
2024-03-11 10:53:58,253 [Worker-77: Building] WARN  o.a.m.s.f.DefaultMavenResourcesFiltering - Using platform encoding (MS949 actually) to copy filtered resources, i.e. build is platform dependent!
2024-03-11 10:53:58,253 [Worker-77: Building] INFO  o.a.m.s.f.DefaultMavenResourcesFiltering - skip non existing resourceDirectory D:\_dev\java3\Jiwoong-Jung 202403Spring5 master _sp0308chap04\src\test\resources
2024-03-11 10:54:54,592 [Worker-76: Building] WARN  o.a.m.s.f.DefaultMavenResourcesFiltering - Using platform encoding (MS949 actually) to copy filtered resources, i.e. build is platform dependent!
2024-03-11 10:54:54,592 [Worker-76: Building] INFO  o.a.m.s.f.DefaultMavenResourcesFiltering - skip non existing resourceDirectory D:\_dev\java3\Jiwoong-Jung 202403Spring5 master _sp0308chap04\src\main\resources
2024-03-11 10:54:54,593 [Worker-76: Building] WARN  o.a.m.s.f.DefaultMavenResourcesFiltering - Using platform encoding (MS949 actually) to copy filtered resources, i.e. build is platform dependent!
2024-03-11 10:54:54,594 [Worker-76: Building] INFO  o.a.m.s.f.DefaultMavenResourcesFiltering - skip non existing resourceDirectory D:\_dev\java3\Jiwoong-Jung 202403Spring5 master _sp0308chap04\src\test\resources
2024-03-11 10:58:14,720 [Worker-80: Building] WARN  o.a.m.s.f.DefaultMavenResourcesFiltering - Using platform encoding (MS949 actually) to copy filtered resources, i.e. build is platform dependent!
2024-03-11 10:58:14,721 [Worker-80: Building] INFO  o.a.m.s.f.DefaultMavenResourcesFiltering - skip non existing resourceDirectory D:\_dev\java3\Jiwoong-Jung 202403Spring5 master _sp0308chap04\src\main\resources
2024-03-11 10:58:14,722 [Worker-80: Building] WARN  o.a.m.s.f.DefaultMavenResourcesFiltering - Using platform encoding (MS949 actually) to copy filtered resources, i.e. build is platform dependent!
2024-03-11 10:58:14,722 [Worker-80: Building] INFO  o.a.m.s.f.DefaultMavenResourcesFiltering - skip non existing resourceDirectory D:\_dev\java3\Jiwoong-Jung 202403Spring5 master _sp0308chap04\src\test\resources
2024-03-11 10:58:27,292 [Worker-77: Building] WARN  o.a.m.s.f.DefaultMavenResourcesFiltering - Using platform encoding (MS949 actually) to copy filtered resources, i.e. build is platform dependent!
2024-03-11 10:58:27,292 [Worker-77: Building] INFO  o.a.m.s.f.DefaultMavenResourcesFiltering - skip non existing resourceDirectory D:\_dev\java3\Jiwoong-Jung 202403Spring5 master _sp0308chap04\src\main\resources
2024-03-11 10:58:27,293 [Worker-77: Building] WARN  o.a.m.s.f.DefaultMavenResourcesFiltering - Using platform encoding (MS949 actually) to copy filtered resources, i.e. build is platform dependent!
2024-03-11 10:58:27,294 [Worker-77: Building] INFO  o.a.m.s.f.DefaultMavenResourcesFiltering - skip non existing resourceDirectory D:\_dev\java3\Jiwoong-Jung 202403Spring5 master _sp0308chap04\src\test\resources
2024-03-11 10:58:37,831 [Worker-77: Building] WARN  o.a.m.s.f.DefaultMavenResourcesFiltering - Using platform encoding (MS949 actually) to copy filtered resources, i.e. build is platform dependent!
2024-03-11 10:58:37,832 [Worker-77: Building] INFO  o.a.m.s.f.DefaultMavenResourcesFiltering - skip non existing resourceDirectory D:\_dev\java3\Jiwoong-Jung 202403Spring5 master _sp0308chap04\src\main\resources
2024-03-11 10:58:37,833 [Worker-77: Building] WARN  o.a.m.s.f.DefaultMavenResourcesFiltering - Using platform encoding (MS949 actually) to copy filtered resources, i.e. build is platform dependent!
2024-03-11 10:58:37,833 [Worker-77: Building] INFO  o.a.m.s.f.DefaultMavenResourcesFiltering - skip non existing resourceDirectory D:\_dev\java3\Jiwoong-Jung 202403Spring5 master _sp0308chap04\src\test\resources
2024-03-11 11:00:23,520 [Worker-82: Building] WARN  o.a.m.s.f.DefaultMavenResourcesFiltering - Using platform encoding (MS949 actually) to copy filtered resources, i.e. build is platform dependent!
2024-03-11 11:00:23,521 [Worker-82: Building] INFO  o.a.m.s.f.DefaultMavenResourcesFiltering - skip non existing resourceDirectory D:\_dev\java3\Jiwoong-Jung 202403Spring5 master _sp0308chap04\src\main\resources
2024-03-11 11:00:23,522 [Worker-82: Building] WARN  o.a.m.s.f.DefaultMavenResourcesFiltering - Using platform encoding (MS949 actually) to copy filtered resources, i.e. build is platform dependent!
2024-03-11 11:00:23,523 [Worker-82: Building] INFO  o.a.m.s.f.DefaultMavenResourcesFiltering - skip non existing resourceDirectory D:\_dev\java3\Jiwoong-Jung 202403Spring5 master _sp0308chap04\src\test\resources
2024-03-11 11:13:56,229 [Worker-84: Building] WARN  o.a.m.s.f.DefaultMavenResourcesFiltering - Using platform encoding (MS949 actually) to copy filtered resources, i.e. build is platform dependent!
2024-03-11 11:13:56,230 [Worker-84: Building] INFO  o.a.m.s.f.DefaultMavenResourcesFiltering - skip non existing resourceDirectory D:\_dev\java3\Jiwoong-Jung 202403Spring5 master _sp0308chap04\src\main\resources
2024-03-11 11:13:56,231 [Worker-84: Building] WARN  o.a.m.s.f.DefaultMavenResourcesFiltering - Using platform encoding (MS949 actually) to copy filtered resources, i.e. build is platform dependent!
2024-03-11 11:13:56,232 [Worker-84: Building] INFO  o.a.m.s.f.DefaultMavenResourcesFiltering - skip non existing resourceDirectory D:\_dev\java3\Jiwoong-Jung 202403Spring5 master _sp0308chap04\src\test\resources
2024-03-11 11:19:06,795 [Worker-84: Building] WARN  o.a.m.s.f.DefaultMavenResourcesFiltering - Using platform encoding (MS949 actually) to copy filtered resources, i.e. build is platform dependent!
2024-03-11 11:19:06,796 [Worker-84: Building] INFO  o.a.m.s.f.DefaultMavenResourcesFiltering - skip non existing resourceDirectory D:\_dev\java3\Jiwoong-Jung 202403Spring5 master _sp0308chap04\src\main\resources
2024-03-11 11:19:06,797 [Worker-84: Building] WARN  o.a.m.s.f.DefaultMavenResourcesFiltering - Using platform encoding (MS949 actually) to copy filtered resources, i.e. build is platform dependent!
2024-03-11 11:19:06,797 [Worker-84: Building] INFO  o.a.m.s.f.DefaultMavenResourcesFiltering - skip non existing resourceDirectory D:\_dev\java3\Jiwoong-Jung 202403Spring5 master _sp0308chap04\src\test\resources
2024-03-11 11:19:08,983 [Worker-84: Building] WARN  o.a.m.s.f.DefaultMavenResourcesFiltering - Using platform encoding (MS949 actually) to copy filtered resources, i.e. build is platform dependent!
2024-03-11 11:19:08,983 [Worker-84: Building] INFO  o.a.m.s.f.DefaultMavenResourcesFiltering - skip non existing resourceDirectory D:\_dev\java3\Jiwoong-Jung 202403Spring5 master _sp0308chap04\src\main\resources
2024-03-11 11:19:08,984 [Worker-84: Building] WARN  o.a.m.s.f.DefaultMavenResourcesFiltering - Using platform encoding (MS949 actually) to copy filtered resources, i.e. build is platform dependent!
2024-03-11 11:19:08,984 [Worker-84: Building] INFO  o.a.m.s.f.DefaultMavenResourcesFiltering - skip non existing resourceDirectory D:\_dev\java3\Jiwoong-Jung 202403Spring5 master _sp0308chap04\src\test\resources
2024-03-11 11:19:47,826 [Worker-93: Building] WARN  o.a.m.s.f.DefaultMavenResourcesFiltering - Using platform encoding (MS949 actually) to copy filtered resources, i.e. build is platform dependent!
2024-03-11 11:19:47,826 [Worker-93: Building] INFO  o.a.m.s.f.DefaultMavenResourcesFiltering - skip non existing resourceDirectory D:\_dev\java3\Jiwoong-Jung 202403Spring5 master _sp0308chap04\src\main\resources
2024-03-11 11:19:47,826 [Worker-93: Building] WARN  o.a.m.s.f.DefaultMavenResourcesFiltering - Using platform encoding (MS949 actually) to copy filtered resources, i.e. build is platform dependent!
2024-03-11 11:19:47,827 [Worker-93: Building] INFO  o.a.m.s.f.DefaultMavenResourcesFiltering - skip non existing resourceDirectory D:\_dev\java3\Jiwoong-Jung 202403Spring5 master _sp0308chap04\src\test\resources
2024-03-11 11:19:53,236 [Worker-94: Building] WARN  o.a.m.s.f.DefaultMavenResourcesFiltering - Using platform encoding (MS949 actually) to copy filtered resources, i.e. build is platform dependent!
2024-03-11 11:19:53,236 [Worker-94: Building] INFO  o.a.m.s.f.DefaultMavenResourcesFiltering - skip non existing resourceDirectory D:\_dev\java3\Jiwoong-Jung 202403Spring5 master _sp0308chap04\src\main\resources
2024-03-11 11:19:53,237 [Worker-94: Building] WARN  o.a.m.s.f.DefaultMavenResourcesFiltering - Using platform encoding (MS949 actually) to copy filtered resources, i.e. build is platform dependent!
2024-03-11 11:19:53,237 [Worker-94: Building] INFO  o.a.m.s.f.DefaultMavenResourcesFiltering - skip non existing resourceDirectory D:\_dev\java3\Jiwoong-Jung 202403Spring5 master _sp0308chap04\src\test\resources
2024-03-11 11:33:47,527 [Worker-95: Building] WARN  o.a.m.s.f.DefaultMavenResourcesFiltering - Using platform encoding (MS949 actually) to copy filtered resources, i.e. build is platform dependent!
2024-03-11 11:33:47,528 [Worker-95: Building] INFO  o.a.m.s.f.DefaultMavenResourcesFiltering - Copying 0 resource from src\main\resources to target\classes
2024-03-11 11:33:47,530 [Worker-95: Building] WARN  o.a.m.s.f.DefaultMavenResourcesFiltering - Using platform encoding (MS949 actually) to copy filtered resources, i.e. build is platform dependent!
2024-03-11 11:33:47,530 [Worker-95: Building] INFO  o.a.m.s.f.DefaultMavenResourcesFiltering - Copying 0 resource from src\test\resources to target\test-classes
2024-03-11 11:33:52,757 [Worker-96: Building] WARN  o.a.m.s.f.DefaultMavenResourcesFiltering - Using platform encoding (MS949 actually) to copy filtered resources, i.e. build is platform dependent!
2024-03-11 11:33:52,758 [Worker-96: Building] INFO  o.a.m.s.f.DefaultMavenResourcesFiltering - Copying 0 resource from src\main\resources to target\classes
2024-03-11 11:33:52,759 [Worker-96: Building] WARN  o.a.m.s.f.DefaultMavenResourcesFiltering - Using platform encoding (MS949 actually) to copy filtered resources, i.e. build is platform dependent!
2024-03-11 11:33:52,760 [Worker-96: Building] INFO  o.a.m.s.f.DefaultMavenResourcesFiltering - Copying 0 resource from src\test\resources to target\test-classes
2024-03-11 11:35:07,855 [Worker-96: Building] WARN  o.a.m.s.f.DefaultMavenResourcesFiltering - Using platform encoding (MS949 actually) to copy filtered resources, i.e. build is platform dependent!
2024-03-11 11:35:07,856 [Worker-96: Building] INFO  o.a.m.s.f.DefaultMavenResourcesFiltering - Copying 0 resource from src\main\resources to target\classes
2024-03-11 11:35:07,857 [Worker-96: Building] WARN  o.a.m.s.f.DefaultMavenResourcesFiltering - Using platform encoding (MS949 actually) to copy filtered resources, i.e. build is platform dependent!
2024-03-11 11:35:07,857 [Worker-96: Building] INFO  o.a.m.s.f.DefaultMavenResourcesFiltering - Copying 0 resource from src\test\resources to target\test-classes
2024-03-11 11:35:51,527 [Worker-97: Building] WARN  o.a.m.s.f.DefaultMavenResourcesFiltering - Using platform encoding (MS949 actually) to copy filtered resources, i.e. build is platform dependent!
2024-03-11 11:35:51,527 [Worker-97: Building] INFO  o.a.m.s.f.DefaultMavenResourcesFiltering - Copying 0 resource from src\main\resources to target\classes
2024-03-11 11:35:51,528 [Worker-97: Building] WARN  o.a.m.s.f.DefaultMavenResourcesFiltering - Using platform encoding (MS949 actually) to copy filtered resources, i.e. build is platform dependent!
2024-03-11 11:35:51,529 [Worker-97: Building] INFO  o.a.m.s.f.DefaultMavenResourcesFiltering - Copying 0 resource from src\test\resources to target\test-classes
2024-03-11 11:36:17,579 [Worker-96: Building] WARN  o.a.m.s.f.DefaultMavenResourcesFiltering - Using platform encoding (MS949 actually) to copy filtered resources, i.e. build is platform dependent!
2024-03-11 11:36:17,580 [Worker-96: Building] INFO  o.a.m.s.f.DefaultMavenResourcesFiltering - Copying 0 resource from src\main\resources to target\classes
2024-03-11 11:36:17,581 [Worker-96: Building] WARN  o.a.m.s.f.DefaultMavenResourcesFiltering - Using platform encoding (MS949 actually) to copy filtered resources, i.e. build is platform dependent!
2024-03-11 11:36:17,581 [Worker-96: Building] INFO  o.a.m.s.f.DefaultMavenResourcesFiltering - Copying 0 resource from src\test\resources to target\test-classes
2024-03-11 11:45:03,948 [Worker-98: Building] WARN  o.a.m.s.f.DefaultMavenResourcesFiltering - Using platform encoding (MS949 actually) to copy filtered resources, i.e. build is platform dependent!
2024-03-11 11:45:03,948 [Worker-98: Building] INFO  o.a.m.s.f.DefaultMavenResourcesFiltering - Copying 0 resource from src\main\resources to target\classes
2024-03-11 11:45:03,949 [Worker-98: Building] WARN  o.a.m.s.f.DefaultMavenResourcesFiltering - Using platform encoding (MS949 actually) to copy filtered resources, i.e. build is platform dependent!
2024-03-11 11:45:03,949 [Worker-98: Building] INFO  o.a.m.s.f.DefaultMavenResourcesFiltering - Copying 0 resource from src\test\resources to target\test-classes
2024-03-11 11:45:48,681 [Worker-98: Building] WARN  o.a.m.s.f.DefaultMavenResourcesFiltering - Using platform encoding (MS949 actually) to copy filtered resources, i.e. build is platform dependent!
2024-03-11 11:45:48,681 [Worker-98: Building] INFO  o.a.m.s.f.DefaultMavenResourcesFiltering - Copying 0 resource from src\main\resources to target\classes
2024-03-11 11:45:48,683 [Worker-98: Building] WARN  o.a.m.s.f.DefaultMavenResourcesFiltering - Using platform encoding (MS949 actually) to copy filtered resources, i.e. build is platform dependent!
2024-03-11 11:45:48,683 [Worker-98: Building] INFO  o.a.m.s.f.DefaultMavenResourcesFiltering - Copying 0 resource from src\test\resources to target\test-classes
2024-03-11 11:46:16,581 [Worker-102: Building] WARN  o.a.m.s.f.DefaultMavenResourcesFiltering - Using platform encoding (MS949 actually) to copy filtered resources, i.e. build is platform dependent!
2024-03-11 11:46:16,582 [Worker-102: Building] INFO  o.a.m.s.f.DefaultMavenResourcesFiltering - Copying 0 resource from src\main\resources to target\classes
2024-03-11 11:46:16,584 [Worker-102: Building] WARN  o.a.m.s.f.DefaultMavenResourcesFiltering - Using platform encoding (MS949 actually) to copy filtered resources, i.e. build is platform dependent!
2024-03-11 11:46:16,584 [Worker-102: Building] INFO  o.a.m.s.f.DefaultMavenResourcesFiltering - Copying 0 resource from src\test\resources to target\test-classes
2024-03-11 11:46:18,722 [Worker-100: Building] WARN  o.a.m.s.f.DefaultMavenResourcesFiltering - Using platform encoding (MS949 actually) to copy filtered resources, i.e. build is platform dependent!
2024-03-11 11:46:18,723 [Worker-100: Building] INFO  o.a.m.s.f.DefaultMavenResourcesFiltering - Copying 0 resource from src\main\resources to target\classes
2024-03-11 11:46:18,724 [Worker-100: Building] WARN  o.a.m.s.f.DefaultMavenResourcesFiltering - Using platform encoding (MS949 actually) to copy filtered resources, i.e. build is platform dependent!
2024-03-11 11:46:18,725 [Worker-100: Building] INFO  o.a.m.s.f.DefaultMavenResourcesFiltering - Copying 0 resource from src\test\resources to target\test-classes
2024-03-11 11:46:37,316 [Worker-97: Building] WARN  o.a.m.s.f.DefaultMavenResourcesFiltering - Using platform encoding (MS949 actually) to copy filtered resources, i.e. build is platform dependent!
2024-03-11 11:46:37,317 [Worker-97: Building] INFO  o.a.m.s.f.DefaultMavenResourcesFiltering - Copying 0 resource from src\main\resources to target\classes
2024-03-11 11:46:37,317 [Worker-97: Building] WARN  o.a.m.s.f.DefaultMavenResourcesFiltering - Using platform encoding (MS949 actually) to copy filtered resources, i.e. build is platform dependent!
2024-03-11 11:46:37,318 [Worker-97: Building] INFO  o.a.m.s.f.DefaultMavenResourcesFiltering - Copying 0 resource from src\test\resources to target\test-classes
2024-03-11 11:46:42,958 [Worker-97: Building] WARN  o.a.m.s.f.DefaultMavenResourcesFiltering - Using platform encoding (MS949 actually) to copy filtered resources, i.e. build is platform dependent!
2024-03-11 11:46:42,959 [Worker-97: Building] INFO  o.a.m.s.f.DefaultMavenResourcesFiltering - Copying 0 resource from src\main\resources to target\classes
2024-03-11 11:46:42,960 [Worker-97: Building] WARN  o.a.m.s.f.DefaultMavenResourcesFiltering - Using platform encoding (MS949 actually) to copy filtered resources, i.e. build is platform dependent!
2024-03-11 11:46:42,960 [Worker-97: Building] INFO  o.a.m.s.f.DefaultMavenResourcesFiltering - Copying 0 resource from src\test\resources to target\test-classes
2024-03-11 11:47:25,896 [Worker-101: Building] WARN  o.a.m.s.f.DefaultMavenResourcesFiltering - Using platform encoding (MS949 actually) to copy filtered resources, i.e. build is platform dependent!
2024-03-11 11:47:25,896 [Worker-101: Building] INFO  o.a.m.s.f.DefaultMavenResourcesFiltering - Copying 0 resource from src\main\resources to target\classes
2024-03-11 11:47:25,898 [Worker-101: Building] WARN  o.a.m.s.f.DefaultMavenResourcesFiltering - Using platform encoding (MS949 actually) to copy filtered resources, i.e. build is platform dependent!
2024-03-11 11:47:25,899 [Worker-101: Building] INFO  o.a.m.s.f.DefaultMavenResourcesFiltering - Copying 0 resource from src\test\resources to target\test-classes
2024-03-11 11:47:49,906 [Worker-98: Building] WARN  o.a.m.s.f.DefaultMavenResourcesFiltering - Using platform encoding (MS949 actually) to copy filtered resources, i.e. build is platform dependent!
2024-03-11 11:47:49,907 [Worker-98: Building] INFO  o.a.m.s.f.DefaultMavenResourcesFiltering - Copying 0 resource from src\main\resources to target\classes
2024-03-11 11:47:49,909 [Worker-98: Building] WARN  o.a.m.s.f.DefaultMavenResourcesFiltering - Using platform encoding (MS949 actually) to copy filtered resources, i.e. build is platform dependent!
2024-03-11 11:47:49,909 [Worker-98: Building] INFO  o.a.m.s.f.DefaultMavenResourcesFiltering - Copying 0 resource from src\test\resources to target\test-classes
2024-03-11 11:47:53,527 [Worker-102: Building] WARN  o.a.m.s.f.DefaultMavenResourcesFiltering - Using platform encoding (MS949 actually) to copy filtered resources, i.e. build is platform dependent!
2024-03-11 11:47:53,527 [Worker-102: Building] INFO  o.a.m.s.f.DefaultMavenResourcesFiltering - Copying 0 resource from src\main\resources to target\classes
2024-03-11 11:47:53,528 [Worker-102: Building] WARN  o.a.m.s.f.DefaultMavenResourcesFiltering - Using platform encoding (MS949 actually) to copy filtered resources, i.e. build is platform dependent!
2024-03-11 11:47:53,529 [Worker-102: Building] INFO  o.a.m.s.f.DefaultMavenResourcesFiltering - Copying 0 resource from src\test\resources to target\test-classes
2024-03-11 11:51:06,249 [Worker-103: Building] WARN  o.a.m.s.f.DefaultMavenResourcesFiltering - Using platform encoding (MS949 actually) to copy filtered resources, i.e. build is platform dependent!
2024-03-11 11:51:06,250 [Worker-103: Building] INFO  o.a.m.s.f.DefaultMavenResourcesFiltering - Copying 0 resource from src\main\resources to target\classes
2024-03-11 11:51:06,252 [Worker-103: Building] WARN  o.a.m.s.f.DefaultMavenResourcesFiltering - Using platform encoding (MS949 actually) to copy filtered resources, i.e. build is platform dependent!
2024-03-11 11:51:06,252 [Worker-103: Building] INFO  o.a.m.s.f.DefaultMavenResourcesFiltering - Copying 0 resource from src\test\resources to target\test-classes
2024-03-11 11:51:29,738 [Worker-101: Building] WARN  o.a.m.s.f.DefaultMavenResourcesFiltering - Using platform encoding (MS949 actually) to copy filtered resources, i.e. build is platform dependent!
2024-03-11 11:51:29,738 [Worker-101: Building] INFO  o.a.m.s.f.DefaultMavenResourcesFiltering - Copying 0 resource from src\main\resources to target\classes
2024-03-11 11:51:29,739 [Worker-101: Building] WARN  o.a.m.s.f.DefaultMavenResourcesFiltering - Using platform encoding (MS949 actually) to copy filtered resources, i.e. build is platform dependent!
2024-03-11 11:51:29,740 [Worker-101: Building] INFO  o.a.m.s.f.DefaultMavenResourcesFiltering - Copying 0 resource from src\test\resources to target\test-classes
2024-03-11 11:54:47,307 [Worker-104: Building] WARN  o.a.m.s.f.DefaultMavenResourcesFiltering - Using platform encoding (MS949 actually) to copy filtered resources, i.e. build is platform dependent!
2024-03-11 11:54:47,308 [Worker-104: Building] INFO  o.a.m.s.f.DefaultMavenResourcesFiltering - Copying 0 resource from src\main\resources to target\classes
2024-03-11 11:54:47,309 [Worker-104: Building] WARN  o.a.m.s.f.DefaultMavenResourcesFiltering - Using platform encoding (MS949 actually) to copy filtered resources, i.e. build is platform dependent!
2024-03-11 11:54:47,309 [Worker-104: Building] INFO  o.a.m.s.f.DefaultMavenResourcesFiltering - Copying 0 resource from src\test\resources to target\test-classes
2024-03-11 11:56:52,777 [Worker-106: Building] WARN  o.a.m.s.f.DefaultMavenResourcesFiltering - Using platform encoding (MS949 actually) to copy filtered resources, i.e. build is platform dependent!
2024-03-11 11:56:52,778 [Worker-106: Building] INFO  o.a.m.s.f.DefaultMavenResourcesFiltering - Copying 0 resource from src\main\resources to target\classes
2024-03-11 11:56:52,779 [Worker-106: Building] WARN  o.a.m.s.f.DefaultMavenResourcesFiltering - Using platform encoding (MS949 actually) to copy filtered resources, i.e. build is platform dependent!
2024-03-11 11:56:52,780 [Worker-106: Building] INFO  o.a.m.s.f.DefaultMavenResourcesFiltering - Copying 0 resource from src\test\resources to target\test-classes
2024-03-11 11:57:07,063 [Worker-98: Building] WARN  o.a.m.s.f.DefaultMavenResourcesFiltering - Using platform encoding (MS949 actually) to copy filtered resources, i.e. build is platform dependent!
2024-03-11 11:57:07,063 [Worker-98: Building] INFO  o.a.m.s.f.DefaultMavenResourcesFiltering - Copying 0 resource from src\main\resources to target\classes
2024-03-11 11:57:07,064 [Worker-98: Building] WARN  o.a.m.s.f.DefaultMavenResourcesFiltering - Using platform encoding (MS949 actually) to copy filtered resources, i.e. build is platform dependent!
2024-03-11 11:57:07,065 [Worker-98: Building] INFO  o.a.m.s.f.DefaultMavenResourcesFiltering - Copying 0 resource from src\test\resources to target\test-classes
2024-03-11 11:58:16,682 [Worker-110: Building] WARN  o.a.m.s.f.DefaultMavenResourcesFiltering - Using platform encoding (MS949 actually) to copy filtered resources, i.e. build is platform dependent!
2024-03-11 11:58:16,682 [Worker-110: Building] INFO  o.a.m.s.f.DefaultMavenResourcesFiltering - Copying 0 resource from src\main\resources to target\classes
2024-03-11 11:58:16,683 [Worker-110: Building] WARN  o.a.m.s.f.DefaultMavenResourcesFiltering - Using platform encoding (MS949 actually) to copy filtered resources, i.e. build is platform dependent!
2024-03-11 11:58:16,684 [Worker-110: Building] INFO  o.a.m.s.f.DefaultMavenResourcesFiltering - Copying 0 resource from src\test\resources to target\test-classes
2024-03-11 11:58:51,816 [Worker-108: Building] WARN  o.a.m.s.f.DefaultMavenResourcesFiltering - Using platform encoding (MS949 actually) to copy filtered resources, i.e. build is platform dependent!
2024-03-11 11:58:51,817 [Worker-108: Building] INFO  o.a.m.s.f.DefaultMavenResourcesFiltering - Copying 0 resource from src\main\resources to target\classes
2024-03-11 11:58:51,818 [Worker-108: Building] WARN  o.a.m.s.f.DefaultMavenResourcesFiltering - Using platform encoding (MS949 actually) to copy filtered resources, i.e. build is platform dependent!
2024-03-11 11:58:51,818 [Worker-108: Building] INFO  o.a.m.s.f.DefaultMavenResourcesFiltering - Copying 0 resource from src\test\resources to target\test-classes
2024-03-11 11:59:28,479 [Worker-109: Building] WARN  o.a.m.s.f.DefaultMavenResourcesFiltering - Using platform encoding (MS949 actually) to copy filtered resources, i.e. build is platform dependent!
2024-03-11 11:59:28,480 [Worker-109: Building] INFO  o.a.m.s.f.DefaultMavenResourcesFiltering - Copying 0 resource from src\main\resources to target\classes
2024-03-11 11:59:28,480 [Worker-109: Building] WARN  o.a.m.s.f.DefaultMavenResourcesFiltering - Using platform encoding (MS949 actually) to copy filtered resources, i.e. build is platform dependent!
2024-03-11 11:59:28,481 [Worker-109: Building] INFO  o.a.m.s.f.DefaultMavenResourcesFiltering - Copying 0 resource from src\test\resources to target\test-classes
2024-03-11 12:11:22,774 [Worker-115: Building] WARN  o.a.m.s.f.DefaultMavenResourcesFiltering - Using platform encoding (MS949 actually) to copy filtered resources, i.e. build is platform dependent!
2024-03-11 12:11:22,775 [Worker-115: Building] INFO  o.a.m.s.f.DefaultMavenResourcesFiltering - Copying 0 resource from src\main\resources to target\classes
2024-03-11 12:11:22,776 [Worker-115: Building] WARN  o.a.m.s.f.DefaultMavenResourcesFiltering - Using platform encoding (MS949 actually) to copy filtered resources, i.e. build is platform dependent!
2024-03-11 12:11:22,776 [Worker-115: Building] INFO  o.a.m.s.f.DefaultMavenResourcesFiltering - Copying 0 resource from src\test\resources to target\test-classes
2024-03-11 12:27:13,191 [Worker-114: Building] WARN  o.a.m.s.f.DefaultMavenResourcesFiltering - Using platform encoding (MS949 actually) to copy filtered resources, i.e. build is platform dependent!
2024-03-11 12:27:13,192 [Worker-114: Building] INFO  o.a.m.s.f.DefaultMavenResourcesFiltering - Copying 0 resource from src\main\resources to target\classes
2024-03-11 12:27:13,193 [Worker-114: Building] WARN  o.a.m.s.f.DefaultMavenResourcesFiltering - Using platform encoding (MS949 actually) to copy filtered resources, i.e. build is platform dependent!
2024-03-11 12:27:13,193 [Worker-114: Building] INFO  o.a.m.s.f.DefaultMavenResourcesFiltering - Copying 0 resource from src\test\resources to target\test-classes
2024-03-11 12:27:41,748 [Worker-119: Building] WARN  o.a.m.s.f.DefaultMavenResourcesFiltering - Using platform encoding (MS949 actually) to copy filtered resources, i.e. build is platform dependent!
2024-03-11 12:27:41,748 [Worker-119: Building] INFO  o.a.m.s.f.DefaultMavenResourcesFiltering - Copying 0 resource from src\main\resources to target\classes
2024-03-11 12:27:41,749 [Worker-119: Building] WARN  o.a.m.s.f.DefaultMavenResourcesFiltering - Using platform encoding (MS949 actually) to copy filtered resources, i.e. build is platform dependent!
2024-03-11 12:27:41,749 [Worker-119: Building] INFO  o.a.m.s.f.DefaultMavenResourcesFiltering - Copying 0 resource from src\test\resources to target\test-classes
